2024-06-21 21:30:36 [restartedMain] INFO  c.z.c.a.AuthServerApplication - Starting AuthServerApplication using Java 20.0.2 on LAPTOP-LFDT4565 with PID 25412 (E:\GitRepository\API\target\classes started by PC in E:\GitRepository\API)
2024-06-21 21:30:36 [restartedMain] INFO  c.z.c.a.AuthServerApplication - No active profile set, falling back to default profiles: default
2024-06-21 21:30:36 [restartedMain] INFO  o.s.b.d.e.DevToolsPropertyDefaultsPostProcessor - Devtools property defaults active! Set 'spring.devtools.add-properties' to 'false' to disable
2024-06-21 21:30:36 [restartedMain] INFO  o.s.b.d.e.DevToolsPropertyDefaultsPostProcessor - For additional web related logging consider setting the 'logging.level.web' property to 'DEBUG'
2024-06-21 21:30:37 [restartedMain] INFO  o.s.d.r.c.RepositoryConfigurationDelegate - Multiple Spring Data modules found, entering strict repository configuration mode!
2024-06-21 21:30:37 [restartedMain] INFO  o.s.d.r.c.RepositoryConfigurationDelegate - Bootstrapping Spring Data Redis repositories in DEFAULT mode.
2024-06-21 21:30:37 [restartedMain] INFO  o.s.d.r.c.RepositoryConfigurationDelegate - Finished Spring Data repository scanning in 16 ms. Found 0 Redis repository interfaces.
2024-06-21 21:30:37 [restartedMain] INFO  o.s.cloud.context.scope.GenericScope - BeanFactory id=0fa78b88-718f-3a67-9d59-b001c7bea494
2024-06-21 21:30:38 [restartedMain] INFO  o.s.b.w.e.tomcat.TomcatWebServer - Tomcat initialized with port(s): 20000 (http)
2024-06-21 21:30:38 [restartedMain] INFO  o.a.coyote.http11.Http11NioProtocol - Initializing ProtocolHandler ["http-nio-20000"]
2024-06-21 21:30:38 [restartedMain] INFO  o.a.catalina.core.StandardService - Starting service [Tomcat]
2024-06-21 21:30:38 [restartedMain] INFO  o.a.catalina.core.StandardEngine - Starting Servlet engine: [Apache Tomcat/9.0.56]
2024-06-21 21:30:38 [restartedMain] INFO  o.a.c.c.C.[Tomcat].[localhost].[/] - Initializing Spring embedded WebApplicationContext
2024-06-21 21:30:38 [restartedMain] INFO  o.s.b.w.s.c.ServletWebServerApplicationContext - Root WebApplicationContext: initialization completed in 1638 ms
2024-06-21 21:30:39 [restartedMain] INFO  o.s.s.web.DefaultSecurityFilterChain - Will secure any request with [org.springframework.security.web.context.request.async.WebAsyncManagerIntegrationFilter@7066c4ab, org.springframework.security.web.context.SecurityContextPersistenceFilter@43b8f986, org.springframework.security.web.header.HeaderWriterFilter@12f66edc, org.springframework.web.filter.CorsFilter@1116afc5, org.springframework.security.web.authentication.logout.LogoutFilter@4bad9c0d, com.zjx.courese.authserver.sec.filter.JwtAuthenticationFilter@11c8c68d, org.springframework.security.web.authentication.UsernamePasswordAuthenticationFilter@11b2e9ab, org.springframework.security.web.savedrequest.RequestCacheAwareFilter@3d8a2e2f, org.springframework.security.web.servletapi.SecurityContextHolderAwareRequestFilter@745d863e, org.springframework.security.web.authentication.AnonymousAuthenticationFilter@1cd232f7, org.springframework.security.web.session.SessionManagementFilter@7faa57ca, org.springframework.security.web.access.ExceptionTranslationFilter@5b06fd09, org.springframework.security.web.access.intercept.FilterSecurityInterceptor@5a690ea6]
2024-06-21 21:30:40 [restartedMain] INFO  o.s.b.d.a.OptionalLiveReloadServer - LiveReload server is running on port 35729
2024-06-21 21:30:41 [restartedMain] INFO  o.s.cloud.commons.util.InetUtils - Cannot determine local hostname
2024-06-21 21:30:41 [restartedMain] WARN  o.s.c.l.c.LoadBalancerCacheAutoConfiguration$LoadBalancerCaffeineWarnLogger - Spring Cloud LoadBalancer is currently working with the default cache. While this cache implementation is useful for development and tests, it's recommended to use Caffeine cache in production.You can switch to using Caffeine cache, by adding it and org.springframework.cache.caffeine.CaffeineCacheManager to the classpath.
2024-06-21 21:30:41 [restartedMain] INFO  o.a.coyote.http11.Http11NioProtocol - Starting ProtocolHandler ["http-nio-20000"]
2024-06-21 21:30:41 [restartedMain] INFO  o.s.b.w.e.tomcat.TomcatWebServer - Tomcat started on port(s): 20000 (http) with context path ''
2024-06-21 21:30:42 [restartedMain] INFO  o.s.cloud.commons.util.InetUtils - Cannot determine local hostname
2024-06-21 21:30:42 [restartedMain] INFO  c.z.c.a.AuthServerApplication - Started AuthServerApplication in 7.88 seconds (JVM running for 9.061)
2024-06-21 21:31:18 [http-nio-20000-exec-2] INFO  o.a.c.c.C.[Tomcat].[localhost].[/] - Initializing Spring DispatcherServlet 'dispatcherServlet'
2024-06-21 21:31:18 [http-nio-20000-exec-2] INFO  o.s.web.servlet.DispatcherServlet - Initializing Servlet 'dispatcherServlet'
2024-06-21 21:31:18 [http-nio-20000-exec-2] INFO  o.s.web.servlet.DispatcherServlet - Completed initialization in 1 ms
2024-06-21 21:31:18 [http-nio-20000-exec-2] INFO  c.z.c.a.aspect.LoggingAspect - 进入方法: VideoController.navigateVideo(..) 参数: [8589df4a05cbf28b5f0425003b681873, 1]
2024-06-21 21:31:18 [http-nio-20000-exec-2] INFO  com.zaxxer.hikari.HikariDataSource - HikariPool-1 - Starting...
2024-06-21 21:31:19 [http-nio-20000-exec-2] INFO  com.zaxxer.hikari.HikariDataSource - HikariPool-1 - Start completed.
2024-06-21 21:31:19 [http-nio-20000-exec-2] INFO  c.z.c.a.aspect.LoggingAspect - 退出方法: VideoController.navigateVideo(..) 结果: Videos(id=300a4b0fa74e10f7468c0ae07550e255, userId=f7d02cddff7d58a4ca19b20382b7f06d, audioId=18052674D26HH32P, videoDesc=, videoPath=/f7d02cddff7d58a4ca19b20382b7f06d/video/6ef21b12-cdf0-4360-8b8c-e1514e541d01.mp4, videoSeconds=2.83, videoWidth=540, videoHeight=960, coverPath=/f7d02cddff7d58a4ca19b20382b7f06d/video/wx61a4f8a8177a9c16HK4yaLx4Aegm91aec096484c7601ee4f83ad470bd12e.gif, likeCounts=6, status=1, createTime=2019-05-28T17:27:25) 耗时: 599 毫秒
2024-06-21 21:31:45 [http-nio-20000-exec-3] INFO  c.z.c.a.aspect.LoggingAspect - 进入方法: VideoController.updateLikeCounts(..) 参数: [ccfe93a7b70232fd7408312b678a1132, 1]
2024-06-21 21:31:46 [http-nio-20000-exec-3] INFO  c.z.c.a.aspect.LoggingAspect - 退出方法: VideoController.updateLikeCounts(..) 结果: Videos(id=ccfe93a7b70232fd7408312b678a1132, userId=f7d02cddff7d58a4ca19b20382b7f06d, audioId=18052674D26HH32P, videoDesc=小孩真调皮, videoPath=/f7d02cddff7d58a4ca19b20382b7f06d/video/0e645fdf-57aa-4ac8-8f04-e30149be2ee6.mp4, videoSeconds=7.0, videoWidth=544, videoHeight=960, coverPath=/f7d02cddff7d58a4ca19b20382b7f06d/video/tmp_1706d96c34b8c466b06599ba8ad8744b.gif, likeCounts=1, status=2, createTime=2019-05-27T17:14:55) 耗时: 150 毫秒
2024-06-21 21:31:57 [SpringApplicationShutdownHook] INFO  com.zaxxer.hikari.HikariDataSource - HikariPool-1 - Shutdown initiated...
2024-06-21 21:31:57 [SpringApplicationShutdownHook] INFO  com.zaxxer.hikari.HikariDataSource - HikariPool-1 - Shutdown completed.
